<?xml version="1.0" encoding="UTF-8"?>
<testng-results ignored="0" total="1" passed="1" failed="0" skipped="0">
  <reporter-output>
  </reporter-output>
  <suite started-at="2022-05-04T22:01:02 IST" name="LoginPage test" finished-at="2022-05-04T22:01:25 IST" duration-ms="22729">
    <groups>
    </groups>
    <test started-at="2022-05-04T22:01:02 IST" name="MyLoginPage" finished-at="2022-05-04T22:01:25 IST" duration-ms="22729">
      <class name="myPackage1.MyLogin">
        <test-method is-config="true" signature="BeforeTest(java.lang.String)[pri:0, instance:myPackage1.MyLogin@2e4b8173]" started-at="2022-05-04T22:01:02 IST" name="BeforeTest" finished-at="2022-05-04T22:01:04 IST" duration-ms="2060" status="PASS">
          <params>
            <param index="0">
              <value>
                <![CDATA[Chrome]]>
              </value>
            </param>
          </params>
          <reporter-output>
          </reporter-output>
        </test-method> <!-- BeforeTest -->
        <test-method signature="Test(java.lang.String,java.lang.String)[pri:0, instance:myPackage1.MyLogin@2e4b8173]" started-at="2022-05-04T22:01:04 IST" name="Test" finished-at="2022-05-04T22:01:23 IST" duration-ms="18593" status="PASS">
          <params>
            <param index="0">
              <value>
                <![CDATA[mngr402287]]>
              </value>
            </param>
            <param index="1">
              <value>
                <![CDATA[erunytu]]>
              </value>
            </param>
          </params>
          <reporter-output>
          </reporter-output>
        </test-method> <!-- Test -->
        <test-method is-config="true" signature="AfterTest()[pri:0, instance:myPackage1.MyLogin@2e4b8173]" started-at="2022-05-04T22:01:23 IST" name="AfterTest" finished-at="2022-05-04T22:01:25 IST" duration-ms="2015" status="PASS">
          <reporter-output>
          </reporter-output>
        </test-method> <!-- AfterTest -->
      </class> <!-- myPackage1.MyLogin -->
    </test> <!-- MyLoginPage -->
  </suite> <!-- LoginPage test -->
</testng-results>
